<?xml version="1.0" encoding="UTF-8"?>
<testsuite name="UserDistanceTests" tests="10" skipped="0" failures="0" errors="0" timestamp="2020-03-20T01:02:45" hostname="michal-Komputer" time="0.064">
  <properties/>
  <testcase name="user10ClosestUserTest()" classname="UserDistanceTests" time="0.022"/>
  <testcase name="user6ClosestUserTest()" classname="UserDistanceTests" time="0.002"/>
  <testcase name="user5ClosestUserTest()" classname="UserDistanceTests" time="0.002"/>
  <testcase name="user4ClosestUserTest()" classname="UserDistanceTests" time="0.002"/>
  <testcase name="user3ClosestUserTest()" classname="UserDistanceTests" time="0.002"/>
  <testcase name="user2ClosestUserTest()" classname="UserDistanceTests" time="0.002"/>
  <testcase name="user1ClosestUserTest()" classname="UserDistanceTests" time="0.002"/>
  <testcase name="user9ClosestUserTest()" classname="UserDistanceTests" time="0.005"/>
  <testcase name="user8ClosestUserTest()" classname="UserDistanceTests" time="0.002"/>
  <testcase name="user7ClosestUserTest()" classname="UserDistanceTests" time="0.003"/>
  <system-out><![CDATA[]]></system-out>
  <system-err><![CDATA[]]></system-err>
</testsuite>
