<?xml version="1.0" encoding="UTF-8"?>
<testsuite name="Test1" tests="26" skipped="0" failures="0" errors="0" timestamp="2020-03-20T00:14:35" hostname="michal-Komputer" time="0.225">
  <properties/>
  <testcase name="checkUser1ClosestUser()" classname="Test1" time="0.018"/>
  <testcase name="checkUser2ClosestUser()" classname="Test1" time="0.004"/>
  <testcase name="checkUser7Activity()" classname="Test1" time="0.018"/>
  <testcase name="checkUser3ClosestUser()" classname="Test1" time="0.002"/>
  <testcase name="checkUser4ClosestUser()" classname="Test1" time="0.002"/>
  <testcase name="checkUser5ClosestUser()" classname="Test1" time="0.003"/>
  <testcase name="checkUser10Activity()" classname="Test1" time="0.005"/>
  <testcase name="checkUser6ClosestUser()" classname="Test1" time="0.002"/>
  <testcase name="checkUserLoading()" classname="Test1" time="0.002"/>
  <testcase name="checkUser2Activity()" classname="Test1" time="0.002"/>
  <testcase name="checkUser7ClosestUser()" classname="Test1" time="0.003"/>
  <testcase name="checkUser9Activity()" classname="Test1" time="0.003"/>
  <testcase name="checkUser8ClosestUser()" classname="Test1" time="0.002"/>
  <testcase name="checkUser9ClosestUser()" classname="Test1" time="0.003"/>
  <testcase name="checkUser4Activity()" classname="Test1" time="0.005"/>
  <testcase name="checkPostLoading()" classname="Test1" time="0.003"/>
  <testcase name="userActivityCheckFormat()" classname="Test1" time="0.008"/>
  <testcase name="checkUser6Activity()" classname="Test1" time="0.014"/>
  <testcase name="checkUser10ClosestUser()" classname="Test1" time="0.002"/>
  <testcase name="checkUser1Activity()" classname="Test1" time="0.006"/>
  <testcase name="checkUser8Activity()" classname="Test1" time="0.011"/>
  <testcase name="nonUniqueTitlesCheck()" classname="Test1" time="0.001"/>
  <testcase name="checkUser3Activity()" classname="Test1" time="0.003"/>
  <testcase name="checkUser5Activity()" classname="Test1" time="0.002"/>
  <testcase name="nonUniqueTitlesCountCheck()" classname="Test1" time="0.001"/>
  <testcase name="checkUser1PostLinkage()" classname="Test1" time="0.003"/>
  <system-out><![CDATA[]]></system-out>
  <system-err><![CDATA[]]></system-err>
</testsuite>
